<?xml version="1.0" encoding="UTF-8"?>
<!-- Generated by org.testng.reporters.JUnitXMLReporter -->
<testsuite hostname="BDC6-D-870MX52" ignored="2" name="Test" tests="5" failures="0" timestamp="22 Jan 2020 04:05:32 GMT" time="52.539" errors="0">
  <testcase name="dp" time="18.104" classname="TestNG.NewTest"/>
  <testcase name="dp" time="17.611" classname="TestNG.NewTest"/>
  <testcase name="dp" time="16.757" classname="TestNG.NewTest"/>
  <testcase name="test3" time="0.002" classname="TestNG.IgnoreTest"/>
  <testcase name="test4" time="0.001" classname="TestNG.IgnoreTest"/>
  <testcase name="test5" time="0.0" classname="TestNG.IgnoreTest">
    <ignored/>
  </testcase> <!-- test5 -->
  <testcase name="test1" time="0.0" classname="TestNG.IgnoreTest">
    <ignored/>
  </testcase> <!-- test1 -->
</testsuite> <!-- Test -->
